{
  "stats": {
    "suites": 1,
    "tests": 5,
    "passes": 4,
    "pending": 0,
    "failures": 1,
    "start": "2021-05-11T09:59:13.488Z",
    "end": "2021-05-11T09:59:18.274Z",
    "duration": 4786,
    "testsRegistered": 5,
    "passPercent": 80,
    "pendingPercent": 0,
    "other": 0,
    "hasOther": false,
    "skipped": 0,
    "hasSkipped": false
  },
  "results": [
    {
      "uuid": "44cb68fc-296f-482d-addc-1a07a3ed0267",
      "title": "",
      "fullFile": "cypress/integration/sample.spec.js",
      "file": "cypress/integration/sample.spec.js",
      "beforeHooks": [],
      "afterHooks": [],
      "tests": [],
      "suites": [
        {
          "uuid": "f5dabdb3-756a-47b1-b584-080d7bf57bab",
          "title": "Test Marvel API",
          "fullFile": "",
          "file": "",
          "beforeHooks": [],
          "afterHooks": [],
          "tests": [
            {
              "title": "Check by total characters",
              "fullTitle": "Test Marvel API Check by total characters",
              "timedOut": null,
              "duration": 1762,
              "state": "passed",
              "speed": "slow",
              "pass": true,
              "fail": false,
              "pending": false,
              "context": null,
              "code": "cy.request('GET', `https://gateway.marvel.com:443/v1/public/characters?ts=${ts}&apikey=${publicKey}&hash=${hash}`).then(res => {\n  expect(res.body.data).to.have.property('total', 1493);\n  expect(res.body).to.have.property('code', 200);\n});",
              "err": {},
              "uuid": "54722a26-f366-427b-808a-968109520573",
              "parentUUID": "f5dabdb3-756a-47b1-b584-080d7bf57bab",
              "isHook": false,
              "skipped": false
            },
            {
              "title": "Check specific character",
              "fullTitle": "Test Marvel API Check specific character",
              "timedOut": null,
              "duration": 265,
              "state": "passed",
              "speed": "slow",
              "pass": true,
              "fail": false,
              "pending": false,
              "context": null,
              "code": "const characterId = '1009148';\nconst name = 'Absorbing Man';\ncy.request('GET', `https://gateway.marvel.com:443/v1/public/characters/${characterId}?ts=${ts}&apikey=${publicKey}&hash=${hash}`).then(res => {\n  expect(res.body.data.results[0]).to.have.property('name', name);\n  expect(res.body).to.have.property('code', 200);\n});",
              "err": {},
              "uuid": "20033003-6573-42a7-963e-9b3b7c9e88ed",
              "parentUUID": "f5dabdb3-756a-47b1-b584-080d7bf57bab",
              "isHook": false,
              "skipped": false
            },
            {
              "title": "Check specific character by total comics",
              "fullTitle": "Test Marvel API Check specific character by total comics",
              "timedOut": null,
              "duration": 499,
              "state": "passed",
              "speed": "slow",
              "pass": true,
              "fail": false,
              "pending": false,
              "context": null,
              "code": "const characterId = '1009148';\nconst total = 91;\ncy.request('GET', `https://gateway.marvel.com:443/v1/public/characters/${characterId}/comics?ts=${ts}&apikey=${publicKey}&hash=${hash}`).then(res => {\n  expect(res.body.data).to.have.property('total', total);\n  expect(res.body).to.have.property('code', 200);\n});",
              "err": {},
              "uuid": "78cc2f7a-7fe9-4ea8-bd52-1a803d533a0b",
              "parentUUID": "f5dabdb3-756a-47b1-b584-080d7bf57bab",
              "isHook": false,
              "skipped": false
            },
            {
              "title": "Check by total comics",
              "fullTitle": "Test Marvel API Check by total comics",
              "timedOut": null,
              "duration": 1809,
              "state": "failed",
              "speed": null,
              "pass": false,
              "fail": true,
              "pending": false,
              "context": null,
              "code": "cy.request('GET', `https://gateway.marvel.com:443/v1/public/comics?ts=${ts}&apikey=${publicKey}&hash=${hash}`).then(res => {\n  expect(res.body.data).to.have.property('total', 48491);\n  expect(res.body).to.have.property('code', 200);\n});",
              "err": {
                "message": "AssertionError: expected { Object (offset, limit, ...) } to have property 'total' of 48491, but got 48635",
                "estack": "AssertionError: expected { Object (offset, limit, ...) } to have property 'total' of 48491, but got 48635\n    at Context.eval (http://localhost:58784/__cypress/tests?p=cypress/integration/sample.spec.js:37495:37)",
                "diff": "- 48635\n+ 48491\n"
              },
              "uuid": "f9c99d65-609d-410b-85ca-150e80e197be",
              "parentUUID": "f5dabdb3-756a-47b1-b584-080d7bf57bab",
              "isHook": false,
              "skipped": false
            },
            {
              "title": "Check specific comics",
              "fullTitle": "Test Marvel API Check specific comics",
              "timedOut": null,
              "duration": 304,
              "state": "passed",
              "speed": "slow",
              "pass": true,
              "fail": false,
              "pending": false,
              "context": null,
              "code": "const comicsId = '82967';\nconst title = 'Marvel Previews (2017)';\ncy.request('GET', `https://gateway.marvel.com:443/v1/public/comics/${comicsId}?ts=${ts}&apikey=${publicKey}&hash=${hash}`).then(res => {\n  expect(res.body.data.results[0]).to.have.property('title', title);\n  expect(res.body).to.have.property('code', 200);\n});",
              "err": {},
              "uuid": "5b8e8635-a3aa-44d2-bd6d-1b523cbb8cdf",
              "parentUUID": "f5dabdb3-756a-47b1-b584-080d7bf57bab",
              "isHook": false,
              "skipped": false
            }
          ],
          "suites": [],
          "passes": [
            "54722a26-f366-427b-808a-968109520573",
            "20033003-6573-42a7-963e-9b3b7c9e88ed",
            "78cc2f7a-7fe9-4ea8-bd52-1a803d533a0b",
            "5b8e8635-a3aa-44d2-bd6d-1b523cbb8cdf"
          ],
          "failures": [
            "f9c99d65-609d-410b-85ca-150e80e197be"
          ],
          "pending": [],
          "skipped": [],
          "duration": 4639,
          "root": false,
          "rootEmpty": false,
          "_timeout": 2000
        }
      ],
      "passes": [],
      "failures": [],
      "pending": [],
      "skipped": [],
      "duration": 0,
      "root": true,
      "rootEmpty": true,
      "_timeout": 2000
    }
  ],
  "meta": {
    "mocha": {
      "version": "7.0.1"
    },
    "mochawesome": {
      "options": {
        "quiet": false,
        "reportFilename": "mochawesome",
        "saveHtml": false,
        "saveJson": true,
        "consoleReporter": "spec",
        "useInlineDiffs": false,
        "code": true
      },
      "version": "6.2.2"
    },
    "marge": {
      "options": {
        "id": "default",
        "reportDir": "cypress/reports/mocha",
        "quite": true,
        "overwrite": true,
        "html": false,
        "json": true
      },
      "version": "5.2.0"
    }
  }
}