{
  "stats": {
    "suites": 1,
    "tests": 4,
    "passes": 4,
    "pending": 0,
    "failures": 0,
    "start": "2021-05-11T10:03:38.761Z",
    "end": "2021-05-11T10:03:41.759Z",
    "duration": 2998,
    "testsRegistered": 4,
    "passPercent": 100,
    "pendingPercent": 0,
    "other": 0,
    "hasOther": false,
    "skipped": 0,
    "hasSkipped": false
  },
  "results": [
    {
      "uuid": "2db708b1-4a42-47cb-aeac-ea618256c189",
      "title": "",
      "fullFile": "cypress/integration/sample.spec.js",
      "file": "cypress/integration/sample.spec.js",
      "beforeHooks": [],
      "afterHooks": [],
      "tests": [],
      "suites": [
        {
          "uuid": "8a2e45b8-be35-4972-8efb-8378e95f6547",
          "title": "Test Marvel API",
          "fullFile": "",
          "file": "",
          "beforeHooks": [],
          "afterHooks": [],
          "tests": [
            {
              "title": "Check by total characters",
              "fullTitle": "Test Marvel API Check by total characters",
              "timedOut": null,
              "duration": 1842,
              "state": "passed",
              "speed": "slow",
              "pass": true,
              "fail": false,
              "pending": false,
              "context": null,
              "code": "cy.request('GET', `https://gateway.marvel.com:443/v1/public/characters?ts=${ts}&apikey=${publicKey}&hash=${hash}`).then(res => {\n  expect(res.body.data).to.have.property('total', 1493);\n  expect(res.body).to.have.property('code', 200);\n});",
              "err": {},
              "uuid": "30592b33-ddbf-42f9-9476-f52a6f5b6392",
              "parentUUID": "8a2e45b8-be35-4972-8efb-8378e95f6547",
              "isHook": false,
              "skipped": false
            },
            {
              "title": "Check specific character",
              "fullTitle": "Test Marvel API Check specific character",
              "timedOut": null,
              "duration": 361,
              "state": "passed",
              "speed": "slow",
              "pass": true,
              "fail": false,
              "pending": false,
              "context": null,
              "code": "const characterId = '1009148';\nconst name = 'Absorbing Man';\ncy.request('GET', `https://gateway.marvel.com:443/v1/public/characters/${characterId}?ts=${ts}&apikey=${publicKey}&hash=${hash}`).then(res => {\n  expect(res.body.data.results[0]).to.have.property('name', name);\n  expect(res.body).to.have.property('code', 200);\n});",
              "err": {},
              "uuid": "9f032207-4e70-4f43-af90-49e88d12ef48",
              "parentUUID": "8a2e45b8-be35-4972-8efb-8378e95f6547",
              "isHook": false,
              "skipped": false
            },
            {
              "title": "Check specific character by total comics",
              "fullTitle": "Test Marvel API Check specific character by total comics",
              "timedOut": null,
              "duration": 395,
              "state": "passed",
              "speed": "slow",
              "pass": true,
              "fail": false,
              "pending": false,
              "context": null,
              "code": "const characterId = '1009148';\nconst total = 91;\ncy.request('GET', `https://gateway.marvel.com:443/v1/public/characters/${characterId}/comics?ts=${ts}&apikey=${publicKey}&hash=${hash}`).then(res => {\n  expect(res.body.data).to.have.property('total', total);\n  expect(res.body).to.have.property('code', 200);\n});",
              "err": {},
              "uuid": "ca8cf78f-c931-4920-acbe-cf7c158ae44a",
              "parentUUID": "8a2e45b8-be35-4972-8efb-8378e95f6547",
              "isHook": false,
              "skipped": false
            },
            {
              "title": "Check specific comics",
              "fullTitle": "Test Marvel API Check specific comics",
              "timedOut": null,
              "duration": 313,
              "state": "passed",
              "speed": "slow",
              "pass": true,
              "fail": false,
              "pending": false,
              "context": null,
              "code": "const comicsId = '82967';\nconst title = 'Marvel Previews (2017)';\ncy.request('GET', `https://gateway.marvel.com:443/v1/public/comics/${comicsId}?ts=${ts}&apikey=${publicKey}&hash=${hash}`).then(res => {\n  expect(res.body.data.results[0]).to.have.property('title', title);\n  expect(res.body).to.have.property('code', 200);\n});",
              "err": {},
              "uuid": "250d82e7-b247-45de-840c-c69da7fa1262",
              "parentUUID": "8a2e45b8-be35-4972-8efb-8378e95f6547",
              "isHook": false,
              "skipped": false
            }
          ],
          "suites": [],
          "passes": [
            "30592b33-ddbf-42f9-9476-f52a6f5b6392",
            "9f032207-4e70-4f43-af90-49e88d12ef48",
            "ca8cf78f-c931-4920-acbe-cf7c158ae44a",
            "250d82e7-b247-45de-840c-c69da7fa1262"
          ],
          "failures": [],
          "pending": [],
          "skipped": [],
          "duration": 2911,
          "root": false,
          "rootEmpty": false,
          "_timeout": 2000
        }
      ],
      "passes": [],
      "failures": [],
      "pending": [],
      "skipped": [],
      "duration": 0,
      "root": true,
      "rootEmpty": true,
      "_timeout": 2000
    }
  ],
  "meta": {
    "mocha": {
      "version": "7.0.1"
    },
    "mochawesome": {
      "options": {
        "quiet": false,
        "reportFilename": "mochawesome",
        "saveHtml": false,
        "saveJson": true,
        "consoleReporter": "spec",
        "useInlineDiffs": false,
        "code": true
      },
      "version": "6.2.2"
    },
    "marge": {
      "options": {
        "id": "default",
        "reportDir": "cypress/reports/mocha",
        "quite": true,
        "overwrite": true,
        "html": false,
        "json": true
      },
      "version": "5.2.0"
    }
  }
}